This is pdfTeX, Version 3.14159265-2.6-1.40.20 (TeX Live 2019) (preloaded format=pdflatex 2020.3.24)  26 MAR 2020 10:36
entering extended mode
 restricted \write18 enabled.
 %&-line parsing enabled.
**BulkBuyingInequality.tex
(./BulkBuyingInequality.tex
LaTeX2e <2020-02-02> patch level 5
L3 programming layer <2020-02-25> (/home/mallick/.TinyTeX/texmf-dist/tex/latex/
base/article.cls
Document Class: article 2019/12/20 v1.4l Standard LaTeX document class
(/home/mallick/.TinyTeX/texmf-dist/tex/latex/base/size12.clo
File: size12.clo 2019/12/20 v1.4l Standard LaTeX file (size option)
)
\c@part=\count167
\c@section=\count168
\c@subsection=\count169
\c@subsubsection=\count170
\c@paragraph=\count171
\c@subparagraph=\count172
\c@figure=\count173
\c@table=\count174
\abovecaptionskip=\skip47
\belowcaptionskip=\skip48
\bibindent=\dimen134
) (/home/mallick/.TinyTeX/texmf-dist/tex/latex/lm/lmodern.sty
Package: lmodern 2009/10/30 v1.6 Latin Modern Fonts
LaTeX Font Info:    Overwriting symbol font `operators' in version `normal'
(Font)                  OT1/cmr/m/n --> OT1/lmr/m/n on input line 22.
LaTeX Font Info:    Overwriting symbol font `letters' in version `normal'
(Font)                  OML/cmm/m/it --> OML/lmm/m/it on input line 23.
LaTeX Font Info:    Overwriting symbol font `symbols' in version `normal'
(Font)                  OMS/cmsy/m/n --> OMS/lmsy/m/n on input line 24.
LaTeX Font Info:    Overwriting symbol font `largesymbols' in version `normal'
(Font)                  OMX/cmex/m/n --> OMX/lmex/m/n on input line 25.
LaTeX Font Info:    Overwriting symbol font `operators' in version `bold'
(Font)                  OT1/cmr/bx/n --> OT1/lmr/bx/n on input line 26.
LaTeX Font Info:    Overwriting symbol font `letters' in version `bold'
(Font)                  OML/cmm/b/it --> OML/lmm/b/it on input line 27.
LaTeX Font Info:    Overwriting symbol font `symbols' in version `bold'
(Font)                  OMS/cmsy/b/n --> OMS/lmsy/b/n on input line 28.
LaTeX Font Info:    Overwriting symbol font `largesymbols' in version `bold'
(Font)                  OMX/cmex/m/n --> OMX/lmex/m/n on input line 29.
LaTeX Font Info:    Overwriting math alphabet `\mathbf' in version `normal'
(Font)                  OT1/cmr/bx/n --> OT1/lmr/bx/n on input line 31.
LaTeX Font Info:    Overwriting math alphabet `\mathsf' in version `normal'
(Font)                  OT1/cmss/m/n --> OT1/lmss/m/n on input line 32.
LaTeX Font Info:    Overwriting math alphabet `\mathit' in version `normal'
(Font)                  OT1/cmr/m/it --> OT1/lmr/m/it on input line 33.
LaTeX Font Info:    Overwriting math alphabet `\mathtt' in version `normal'
(Font)                  OT1/cmtt/m/n --> OT1/lmtt/m/n on input line 34.
LaTeX Font Info:    Overwriting math alphabet `\mathbf' in version `bold'
(Font)                  OT1/cmr/bx/n --> OT1/lmr/bx/n on input line 35.
LaTeX Font Info:    Overwriting math alphabet `\mathsf' in version `bold'
(Font)                  OT1/cmss/bx/n --> OT1/lmss/bx/n on input line 36.
LaTeX Font Info:    Overwriting math alphabet `\mathit' in version `bold'
(Font)                  OT1/cmr/bx/it --> OT1/lmr/bx/it on input line 37.
LaTeX Font Info:    Overwriting math alphabet `\mathtt' in version `bold'
(Font)                  OT1/cmtt/m/n --> OT1/lmtt/m/n on input line 38.
) (/home/mallick/.TinyTeX/texmf-dist/tex/latex/amsfonts/amssymb.sty
Package: amssymb 2013/01/14 v3.01 AMS font symbols
(/home/mallick/.TinyTeX/texmf-dist/tex/latex/amsfonts/amsfonts.sty
Package: amsfonts 2013/01/14 v3.01 Basic AMSFonts support
\@emptytoks=\toks15
\symAMSa=\mathgroup4
\symAMSb=\mathgroup5
LaTeX Font Info:    Redeclaring math symbol \hbar on input line 98.
LaTeX Font Info:    Overwriting math alphabet `\mathfrak' in version `bold'
(Font)                  U/euf/m/n --> U/euf/b/n on input line 106.
)) (/home/mallick/.TinyTeX/texmf-dist/tex/latex/amsmath/amsmath.sty
Package: amsmath 2020/01/20 v2.17e AMS math features
\@mathmargin=\skip49
For additional information on amsmath, use the `?' option.
(/home/mallick/.TinyTeX/texmf-dist/tex/latex/amsmath/amstext.sty
Package: amstext 2000/06/29 v2.01 AMS text
(/home/mallick/.TinyTeX/texmf-dist/tex/latex/amsmath/amsgen.sty
File: amsgen.sty 1999/11/30 v2.0 generic functions
\@emptytoks=\toks16
\ex@=\dimen135
)) (/home/mallick/.TinyTeX/texmf-dist/tex/latex/amsmath/amsbsy.sty
Package: amsbsy 1999/11/29 v1.2d Bold Symbols
\pmbraise@=\dimen136
) (/home/mallick/.TinyTeX/texmf-dist/tex/latex/amsmath/amsopn.sty
Package: amsopn 2016/03/08 v2.02 operator names
)
\inf@bad=\count175
LaTeX Info: Redefining \frac on input line 227.
\uproot@=\count176
\leftroot@=\count177
LaTeX Info: Redefining \overline on input line 389.
\classnum@=\count178
\DOTSCASE@=\count179
LaTeX Info: Redefining \ldots on input line 486.
LaTeX Info: Redefining \dots on input line 489.
LaTeX Info: Redefining \cdots on input line 610.
\Mathstrutbox@=\box45
\strutbox@=\box46
\big@size=\dimen137
LaTeX Font Info:    Redeclaring font encoding OML on input line 733.
LaTeX Font Info:    Redeclaring font encoding OMS on input line 734.
\macc@depth=\count180
\c@MaxMatrixCols=\count181
\dotsspace@=\muskip16
\c@parentequation=\count182
\dspbrk@lvl=\count183
\tag@help=\toks17
\row@=\count184
\column@=\count185
\maxfields@=\count186
\andhelp@=\toks18
\eqnshift@=\dimen138
\alignsep@=\dimen139
\tagshift@=\dimen140
\tagwidth@=\dimen141
\totwidth@=\dimen142
\lineht@=\dimen143
\@envbody=\toks19
\multlinegap=\skip50
\multlinetaggap=\skip51
\mathdisplay@stack=\toks20
LaTeX Info: Redefining \[ on input line 2859.
LaTeX Info: Redefining \] on input line 2860.
) (/home/mallick/.TinyTeX/texmf-dist/tex/generic/iftex/ifxetex.sty
Package: ifxetex 2019/10/25 v0.7 ifxetex legacy package. Use iftex instead.
(/home/mallick/.TinyTeX/texmf-dist/tex/generic/iftex/iftex.sty
Package: iftex 2019/11/07 v1.0c TeX engine tests
)) (/home/mallick/.TinyTeX/texmf-dist/tex/generic/iftex/ifluatex.sty
Package: ifluatex 2019/10/25 v1.5 ifluatex legacy package. Use iftex instead.
) (/home/mallick/.TinyTeX/texmf-dist/tex/latex/base/fixltx2e.sty
Package: fixltx2e 2016/12/29 v2.1a fixes to LaTeX (obsolete)
Applying: [2015/01/01] Old fixltx2e package on input line 46.

Package fixltx2e Warning: fixltx2e is not required with releases after 2015
(fixltx2e)                All fixes are now in the LaTeX kernel.
(fixltx2e)                See the latexrelease package for details.

Already applied: [0000/00/00] Old fixltx2e package on input line 53.
) (/home/mallick/.TinyTeX/texmf-dist/tex/latex/base/fontenc.sty
Package: fontenc 2020/02/11 v2.0o Standard LaTeX package
LaTeX Font Info:    Trying to load font information for T1+lmr on input line 11
2.
(/home/mallick/.TinyTeX/texmf-dist/tex/latex/lm/t1lmr.fd
File: t1lmr.fd 2009/10/30 v1.6 Font defs for Latin Modern
)) (/home/mallick/.TinyTeX/texmf-dist/tex/latex/base/inputenc.sty
Package: inputenc 2018/08/11 v1.3c Input encoding file
\inpenc@prehook=\toks21
\inpenc@posthook=\toks22
) (/home/mallick/.TinyTeX/texmf-dist/tex/latex/base/textcomp.sty
Package: textcomp 2020/02/02 v2.0n Standard LaTeX package
) (/home/mallick/.TinyTeX/texmf-dist/tex/latex/upquote/upquote.sty
Package: upquote 2012/04/19 v1.3 upright-quote and grave-accent glyphs in verba
tim
) (/home/mallick/.TinyTeX/texmf-dist/tex/latex/microtype/microtype.sty
Package: microtype 2019/11/18 v2.7d Micro-typographical refinements (RS)
(/home/mallick/.TinyTeX/texmf-dist/tex/latex/graphics/keyval.sty
Package: keyval 2014/10/28 v1.15 key=value parser (DPC)
\KV@toks@=\toks23
)
\MT@toks=\toks24
\MT@count=\count187
LaTeX Info: Redefining \textls on input line 790.
\MT@outer@kern=\dimen144
LaTeX Info: Redefining \textmicrotypecontext on input line 1354.
\MT@listname@count=\count188
(/home/mallick/.TinyTeX/texmf-dist/tex/latex/microtype/microtype-pdftex.def
File: microtype-pdftex.def 2019/11/18 v2.7d Definitions specific to pdftex (RS)

LaTeX Info: Redefining \lsstyle on input line 914.
LaTeX Info: Redefining \lslig on input line 914.
\MT@outer@space=\skip52
)
Package microtype Info: Loading configuration file microtype.cfg.
(/home/mallick/.TinyTeX/texmf-dist/tex/latex/microtype/microtype.cfg
File: microtype.cfg 2019/11/18 v2.7d microtype main configuration file (RS)
)) (/home/mallick/.TinyTeX/texmf-dist/tex/latex/parskip/parskip.sty
Package: parskip 2020-01-22 v2.0d non-zero parskip adjustments
(/home/mallick/.TinyTeX/texmf-dist/tex/latex/kvoptions/kvoptions.sty
Package: kvoptions 2019/11/29 v3.13 Key value format for package options (HO)
(/home/mallick/.TinyTeX/texmf-dist/tex/generic/ltxcmds/ltxcmds.sty
Package: ltxcmds 2019/12/15 v1.24 LaTeX kernel commands for general use (HO)
) (/home/mallick/.TinyTeX/texmf-dist/tex/generic/kvsetkeys/kvsetkeys.sty
Package: kvsetkeys 2019/12/15 v1.18 Key value parser (HO)
)) (/home/mallick/.TinyTeX/texmf-dist/tex/latex/etoolbox/etoolbox.sty
Package: etoolbox 2019/09/21 v2.5h e-TeX tools for LaTeX (JAW)
\etb@tempcnta=\count189
)) (/home/mallick/.TinyTeX/texmf-dist/tex/latex/hyperref/hyperref.sty
Package: hyperref 2020/01/14 v7.00d Hypertext links for LaTeX
(/home/mallick/.TinyTeX/texmf-dist/tex/latex/pdftexcmds/pdftexcmds.sty
Package: pdftexcmds 2019/11/24 v0.31 Utility functions of pdfTeX for LuaTeX (HO
)
(/home/mallick/.TinyTeX/texmf-dist/tex/generic/infwarerr/infwarerr.sty
Package: infwarerr 2019/12/03 v1.5 Providing info/warning/error messages (HO)
)
Package pdftexcmds Info: \pdf@primitive is available.
Package pdftexcmds Info: \pdf@ifprimitive is available.
Package pdftexcmds Info: \pdfdraftmode found.
) (/home/mallick/.TinyTeX/texmf-dist/tex/generic/kvdefinekeys/kvdefinekeys.sty
Package: kvdefinekeys 2019-12-19 v1.6 Define keys (HO)
) (/home/mallick/.TinyTeX/texmf-dist/tex/generic/pdfescape/pdfescape.sty
Package: pdfescape 2019/12/09 v1.15 Implements pdfTeX's escape features (HO)
) (/home/mallick/.TinyTeX/texmf-dist/tex/latex/hycolor/hycolor.sty
Package: hycolor 2020-01-27 v1.10 Color options for hyperref/bookmark (HO)
) (/home/mallick/.TinyTeX/texmf-dist/tex/latex/letltxmacro/letltxmacro.sty
Package: letltxmacro 2019/12/03 v1.6 Let assignment for LaTeX macros (HO)
) (/home/mallick/.TinyTeX/texmf-dist/tex/latex/auxhook/auxhook.sty
Package: auxhook 2019-12-17 v1.6 Hooks for auxiliary files (HO)
)
\@linkdim=\dimen145
\Hy@linkcounter=\count190
\Hy@pagecounter=\count191
(/home/mallick/.TinyTeX/texmf-dist/tex/latex/hyperref/pd1enc.def
File: pd1enc.def 2020/01/14 v7.00d Hyperref: PDFDocEncoding definition (HO)
Now handling font encoding PD1 ...
... no UTF-8 mapping file for font encoding PD1
) (/home/mallick/.TinyTeX/texmf-dist/tex/generic/intcalc/intcalc.sty
Package: intcalc 2019/12/15 v1.3 Expandable calculations with integers (HO)
) (/home/mallick/.TinyTeX/texmf-dist/tex/generic/etexcmds/etexcmds.sty
Package: etexcmds 2019/12/15 v1.7 Avoid name clashes with e-TeX commands (HO)
)
\Hy@SavedSpaceFactor=\count192
\pdfmajorversion=\count193
Package hyperref Info: Option `unicode' set `true' on input line 4421.
(/home/mallick/.TinyTeX/texmf-dist/tex/latex/hyperref/puenc.def
File: puenc.def 2020/01/14 v7.00d Hyperref: PDF Unicode definition (HO)
Now handling font encoding PU ...
... no UTF-8 mapping file for font encoding PU
)
Package hyperref Info: Hyper figures OFF on input line 4547.
Package hyperref Info: Link nesting OFF on input line 4552.
Package hyperref Info: Hyper index ON on input line 4555.
Package hyperref Info: Plain pages OFF on input line 4562.
Package hyperref Info: Backreferencing OFF on input line 4567.
Package hyperref Info: Implicit mode ON; LaTeX internals redefined.
Package hyperref Info: Bookmarks ON on input line 4800.
\c@Hy@tempcnt=\count194
(/home/mallick/.TinyTeX/texmf-dist/tex/latex/url/url.sty
\Urlmuskip=\muskip17
Package: url 2013/09/16  ver 3.4  Verb mode for urls, etc.
)
LaTeX Info: Redefining \url on input line 5159.
\XeTeXLinkMargin=\dimen146
(/home/mallick/.TinyTeX/texmf-dist/tex/generic/bitset/bitset.sty
Package: bitset 2019/12/09 v1.3 Handle bit-vector datatype (HO)
(/home/mallick/.TinyTeX/texmf-dist/tex/generic/bigintcalc/bigintcalc.sty
Package: bigintcalc 2019/12/15 v1.5 Expandable calculations on big integers (HO
)
))
\Fld@menulength=\count195
\Field@Width=\dimen147
\Fld@charsize=\dimen148
Package hyperref Info: Hyper figures OFF on input line 6430.
Package hyperref Info: Link nesting OFF on input line 6435.
Package hyperref Info: Hyper index ON on input line 6438.
Package hyperref Info: backreferencing OFF on input line 6445.
Package hyperref Info: Link coloring OFF on input line 6450.
Package hyperref Info: Link coloring with OCG OFF on input line 6455.
Package hyperref Info: PDF/A mode OFF on input line 6460.
LaTeX Info: Redefining \ref on input line 6500.
LaTeX Info: Redefining \pageref on input line 6504.
(/home/mallick/.TinyTeX/texmf-dist/tex/generic/atbegshi/atbegshi.sty
Package: atbegshi 2019/12/05 v1.19 At begin shipout hook (HO)
)
\Hy@abspage=\count196
\c@Item=\count197
\c@Hfootnote=\count198
)
Package hyperref Info: Driver (autodetected): hpdftex.
(/home/mallick/.TinyTeX/texmf-dist/tex/latex/hyperref/hpdftex.def
File: hpdftex.def 2020/01/14 v7.00d Hyperref driver for pdfTeX
(/home/mallick/.TinyTeX/texmf-dist/tex/latex/atveryend/atveryend.sty
Package: atveryend 2019-12-11 v1.11 Hooks at the very end of document (HO)
)
\Fld@listcount=\count199
\c@bookmark@seq@number=\count266
(/home/mallick/.TinyTeX/texmf-dist/tex/latex/rerunfilecheck/rerunfilecheck.sty
Package: rerunfilecheck 2019/12/05 v1.9 Rerun checks for auxiliary files (HO)
(/home/mallick/.TinyTeX/texmf-dist/tex/generic/uniquecounter/uniquecounter.sty
Package: uniquecounter 2019/12/15 v1.4 Provide unlimited unique counter (HO)
)
Package uniquecounter Info: New unique counter `rerunfilecheck' on input line 2
86.
)
\Hy@SectionHShift=\skip53
)
Package hyperref Info: Option `breaklinks' set `true' on input line 35.
(/home/mallick/.TinyTeX/texmf-dist/tex/latex/geometry/geometry.sty
Package: geometry 2020/01/02 v5.9 Page Geometry
(/home/mallick/.TinyTeX/texmf-dist/tex/generic/iftex/ifvtex.sty
Package: ifvtex 2019/10/25 v1.7 ifvtex legacy package. Use iftex instead.
)
\Gm@cnth=\count267
\Gm@cntv=\count268
\c@Gm@tempcnt=\count269
\Gm@bindingoffset=\dimen149
\Gm@wd@mp=\dimen150
\Gm@odd@mp=\dimen151
\Gm@even@mp=\dimen152
\Gm@layoutwidth=\dimen153
\Gm@layoutheight=\dimen154
\Gm@layouthoffset=\dimen155
\Gm@layoutvoffset=\dimen156
\Gm@dimlist=\toks25
) (/home/mallick/.TinyTeX/texmf-dist/tex/latex/graphics/graphicx.sty
Package: graphicx 2019/11/30 v1.2a Enhanced LaTeX Graphics (DPC,SPQR)
(/home/mallick/.TinyTeX/texmf-dist/tex/latex/graphics/graphics.sty
Package: graphics 2019/11/30 v1.4a Standard LaTeX Graphics (DPC,SPQR)
(/home/mallick/.TinyTeX/texmf-dist/tex/latex/graphics/trig.sty
Package: trig 2016/01/03 v1.10 sin cos tan (DPC)
) (/home/mallick/.TinyTeX/texmf-dist/tex/latex/graphics-cfg/graphics.cfg
File: graphics.cfg 2016/06/04 v1.11 sample graphics configuration
)
Package graphics Info: Driver file: pdftex.def on input line 105.
(/home/mallick/.TinyTeX/texmf-dist/tex/latex/graphics-def/pdftex.def
File: pdftex.def 2018/01/08 v1.0l Graphics/color driver for pdftex
))
\Gin@req@height=\dimen157
\Gin@req@width=\dimen158
) (/home/mallick/.TinyTeX/texmf-dist/tex/latex/grffile/grffile.sty
Package: grffile 2019/11/11 v2.1 Extended file name support for graphics (legac
y)
Package grffile Info: This package is an empty stub for compatibility on input 
line 40.
) (/home/mallick/.TinyTeX/texmf-dist/tex/latex/bbm-macros/bbm.sty
Package: bbm 1999/03/15 V 1.2 provides fonts for set symbols - TH
LaTeX Font Info:    Overwriting math alphabet `\mathbbm' in version `bold'
(Font)                  U/bbm/m/n --> U/bbm/bx/n on input line 33.
LaTeX Font Info:    Overwriting math alphabet `\mathbbmss' in version `bold'
(Font)                  U/bbmss/m/n --> U/bbmss/bx/n on input line 35.
) (/home/mallick/.TinyTeX/texmf-dist/tex/latex/booktabs/booktabs.sty
Package: booktabs 2020/01/12 v1.61803398 Publication quality tables
\heavyrulewidth=\dimen159
\lightrulewidth=\dimen160
\cmidrulewidth=\dimen161
\belowrulesep=\dimen162
\belowbottomsep=\dimen163
\aboverulesep=\dimen164
\abovetopsep=\dimen165
\cmidrulesep=\dimen166
\cmidrulekern=\dimen167
\defaultaddspace=\dimen168
\@cmidla=\count270
\@cmidlb=\count271
\@aboverulesep=\dimen169
\@belowrulesep=\dimen170
\@thisruleclass=\count272
\@lastruleclass=\count273
\@thisrulewidth=\dimen171
) (/home/mallick/.TinyTeX/texmf-dist/tex/latex/caption/caption.sty
Package: caption 2020/01/03 v3.4h Customizing captions (AR)
(/home/mallick/.TinyTeX/texmf-dist/tex/latex/caption/caption3.sty
Package: caption3 2020/01/03 v1.8h caption3 kernel (AR)
Package caption3 Info: TeX engine: e-TeX on input line 61.
\captionmargin=\dimen172
\captionmargin@=\dimen173
\captionwidth=\dimen174
\caption@tempdima=\dimen175
\caption@indent=\dimen176
\caption@parindent=\dimen177
\caption@hangindent=\dimen178
Package caption Info: Standard document class detected.
)
\c@caption@flags=\count274
\c@continuedfloat=\count275
Package caption Info: hyperref package is loaded.
) (/home/mallick/.TinyTeX/texmf-dist/tex/latex/tools/longtable.sty
Package: longtable 2020/01/07 v4.13 Multi-page Table package (DPC)
\LTleft=\skip54
\LTright=\skip55
\LTpre=\skip56
\LTpost=\skip57
\LTchunksize=\count276
\LTcapwidth=\dimen179
\LT@head=\box47
\LT@firsthead=\box48
\LT@foot=\box49
\LT@lastfoot=\box50
\LT@cols=\count277
\LT@rows=\count278
\c@LT@tables=\count279
\c@LT@chunks=\count280
\LT@p@ftn=\toks26
) (/home/mallick/.TinyTeX/texmf-dist/tex/latex/multirow/multirow.sty
Package: multirow 2019/05/31 v2.5 Span multiple rows of a table
\multirow@colwidth=\skip58
\multirow@cntb=\count281
\multirow@dima=\skip59
\bigstrutjot=\dimen180
) (/home/mallick/.TinyTeX/texmf-dist/tex/latex/ragged2e/ragged2e.sty
Package: ragged2e 2019/07/28 v2.2 ragged2e Package (MS)
(/home/mallick/.TinyTeX/texmf-dist/tex/latex/ms/everysel.sty
Package: everysel 2011/10/28 v1.2 EverySelectfont Package (MS)
)
\CenteringLeftskip=\skip60
\RaggedLeftLeftskip=\skip61
\RaggedRightLeftskip=\skip62
\CenteringRightskip=\skip63
\RaggedLeftRightskip=\skip64
\RaggedRightRightskip=\skip65
\CenteringParfillskip=\skip66
\RaggedLeftParfillskip=\skip67
\RaggedRightParfillskip=\skip68
\JustifyingParfillskip=\skip69
\CenteringParindent=\skip70
\RaggedLeftParindent=\skip71
\RaggedRightParindent=\skip72
\JustifyingParindent=\skip73
) (/home/mallick/.TinyTeX/texmf-dist/tex/latex/setspace/setspace.sty
Package: setspace 2011/12/19 v6.7a set line spacing
) (/home/mallick/.TinyTeX/texmf-dist/tex/latex/caption/subcaption.sty
Package: subcaption 2020/01/22 v1.3d Sub-captions (AR)
\c@subfigure=\count282
\c@subtable=\count283
) (/home/mallick/.TinyTeX/texmf-dist/tex/latex/xcolor/xcolor.sty
Package: xcolor 2016/05/11 v2.12 LaTeX color extensions (UK)
(/home/mallick/.TinyTeX/texmf-dist/tex/latex/graphics-cfg/color.cfg
File: color.cfg 2016/01/02 v1.6 sample color configuration
)
Package xcolor Info: Driver file: pdftex.def on input line 225.
Package xcolor Info: Model `cmy' substituted by `cmy0' on input line 1348.
Package xcolor Info: Model `hsb' substituted by `rgb' on input line 1352.
Package xcolor Info: Model `RGB' extended on input line 1364.
Package xcolor Info: Model `HTML' substituted by `rgb' on input line 1366.
Package xcolor Info: Model `Hsb' substituted by `hsb' on input line 1367.
Package xcolor Info: Model `tHsb' substituted by `hsb' on input line 1368.
Package xcolor Info: Model `HSB' substituted by `hsb' on input line 1369.
Package xcolor Info: Model `Gray' substituted by `gray' on input line 1370.
Package xcolor Info: Model `wave' substituted by `hsb' on input line 1371.
) (/home/mallick/.TinyTeX/texmf-dist/tex/latex/footmisc/footmisc.sty
Package: footmisc 2011/06/06 v5.5b a miscellany of footnote facilities
\FN@temptoken=\toks27
\footnotemargin=\dimen181
\c@pp@next@reset=\count284

LaTeX Warning: Command \@footnotemark  has changed.
               Check if current package is valid.

Package footmisc Info: Declaring symbol style bringhurst on input line 855.
Package footmisc Info: Declaring symbol style chicago on input line 863.
Package footmisc Info: Declaring symbol style wiley on input line 872.
Package footmisc Info: Declaring symbol style lamport-robust on input line 883.

Package footmisc Info: Declaring symbol style lamport* on input line 903.
Package footmisc Info: Declaring symbol style lamport*-robust on input line 924
.
) (/home/mallick/.TinyTeX/texmf-dist/tex/latex/l3backend/l3backend-pdfmode.def
File: l3backend-pdfmode.def 2020-02-23 L3 backend support: PDF mode
\l__kernel_color_stack_int=\count285
\l__pdf_internal_box=\box51
) (./BulkBuyingInequality.aux)
\openout1 = `BulkBuyingInequality.aux'.

LaTeX Font Info:    Checking defaults for OML/cmm/m/it on input line 77.
LaTeX Font Info:    ... okay on input line 77.
LaTeX Font Info:    Checking defaults for OMS/cmsy/m/n on input line 77.
LaTeX Font Info:    ... okay on input line 77.
LaTeX Font Info:    Checking defaults for OT1/cmr/m/n on input line 77.
LaTeX Font Info:    ... okay on input line 77.
LaTeX Font Info:    Checking defaults for T1/cmr/m/n on input line 77.
LaTeX Font Info:    ... okay on input line 77.
LaTeX Font Info:    Checking defaults for TS1/cmr/m/n on input line 77.
LaTeX Font Info:    ... okay on input line 77.
LaTeX Font Info:    Checking defaults for OMX/cmex/m/n on input line 77.
LaTeX Font Info:    ... okay on input line 77.
LaTeX Font Info:    Checking defaults for U/cmr/m/n on input line 77.
LaTeX Font Info:    ... okay on input line 77.
LaTeX Font Info:    Checking defaults for PD1/pdf/m/n on input line 77.
LaTeX Font Info:    ... okay on input line 77.
LaTeX Font Info:    Checking defaults for PU/pdf/m/n on input line 77.
LaTeX Font Info:    ... okay on input line 77.
LaTeX Info: Redefining \microtypecontext on input line 77.
Package microtype Info: Generating PDF output.
Package microtype Info: Character protrusion enabled (level 2).
Package microtype Info: Using protrusion set `basicmath'.
Package microtype Info: Automatic font expansion enabled (level 2),
(microtype)             stretch: 20, shrink: 20, step: 1, non-selected.
Package microtype Info: Using default expansion set `basictext'.
LaTeX Info: Redefining \showhyphens on input line 77.
Package microtype Info: No adjustment of tracking.
Package microtype Info: No adjustment of interword spacing.
Package microtype Info: No adjustment of character kerning.
(/home/mallick/.TinyTeX/texmf-dist/tex/latex/microtype/mt-cmr.cfg
File: mt-cmr.cfg 2013/05/19 v2.2 microtype config. file: Computer Modern Roman 
(RS)
)
\AtBeginShipoutBox=\box52
Package hyperref Info: Link coloring OFF on input line 77.
(/home/mallick/.TinyTeX/texmf-dist/tex/latex/hyperref/nameref.sty
Package: nameref 2019/09/16 v2.46 Cross-referencing by name of section
(/home/mallick/.TinyTeX/texmf-dist/tex/latex/refcount/refcount.sty
Package: refcount 2019/12/15 v3.6 Data extraction from label references (HO)
)
(/home/mallick/.TinyTeX/texmf-dist/tex/generic/gettitlestring/gettitlestring.st
y
Package: gettitlestring 2019/12/15 v1.6 Cleanup title references (HO)
)
\c@section@level=\count286
)
LaTeX Info: Redefining \ref on input line 77.
LaTeX Info: Redefining \pageref on input line 77.
LaTeX Info: Redefining \nameref on input line 77.
(./BulkBuyingInequality.out) (./BulkBuyingInequality.out)
\@outlinefile=\write3
\openout3 = `BulkBuyingInequality.out'.

*geometry* driver: auto-detecting
*geometry* detected driver: pdftex
*geometry* verbose mode - [ preamble ] result:
* driver: pdftex
* paper: <default>
* layout: <same size as paper>
* layoutoffset:(h,v)=(0.0pt,0.0pt)
* modes: 
* h-part:(L,W,R)=(72.26999pt, 469.75502pt, 72.26999pt)
* v-part:(T,H,B)=(72.26999pt, 650.43001pt, 72.26999pt)
* \paperwidth=614.295pt
* \paperheight=794.96999pt
* \textwidth=469.75502pt
* \textheight=650.43001pt
* \oddsidemargin=0.0pt
* \evensidemargin=0.0pt
* \topmargin=-37.0pt
* \headheight=12.0pt
* \headsep=25.0pt
* \topskip=12.0pt
* \footskip=30.0pt
* \marginparwidth=44.0pt
* \marginparsep=10.0pt
* \columnsep=10.0pt
* \skip\footins=10.8pt plus 4.0pt minus 2.0pt
* \hoffset=0.0pt
* \voffset=0.0pt
* \mag=1000
* \@twocolumnfalse
* \@twosidefalse
* \@mparswitchfalse
* \@reversemarginfalse
* (1in=72.27pt=25.4mm, 1cm=28.453pt)

(/home/mallick/.TinyTeX/texmf-dist/tex/latex/epstopdf-pkg/epstopdf-base.sty
Package: epstopdf-base 2020-01-24 v2.11 Base part for package epstopdf
Package epstopdf-base Info: Redefining graphics rule for `.eps' on input line 4
85.
(/home/mallick/.TinyTeX/texmf-dist/tex/latex/latexconfig/epstopdf-sys.cfg
File: epstopdf-sys.cfg 2010/07/13 v1.3 Configuration of (r)epstopdf for TeX Liv
e
))
Package caption Info: Begin \AtBeginDocument code.
Package caption Info: longtable package is loaded.
(/home/mallick/.TinyTeX/texmf-dist/tex/latex/caption/ltcaption.sty
Package: ltcaption 2018/08/26 v1.4a longtable captions (AR)
)
Package caption Info: End \AtBeginDocument code.
ABD: EverySelectfont initializing macros
LaTeX Info: Redefining \selectfont on input line 77.
LaTeX Font Info:    Trying to load font information for OT1+lmr on input line 7
9.
(/home/mallick/.TinyTeX/texmf-dist/tex/latex/lm/ot1lmr.fd
File: ot1lmr.fd 2009/10/30 v1.6 Font defs for Latin Modern
)
LaTeX Font Info:    Trying to load font information for OML+lmm on input line 7
9.
(/home/mallick/.TinyTeX/texmf-dist/tex/latex/lm/omllmm.fd
File: omllmm.fd 2009/10/30 v1.6 Font defs for Latin Modern
)
LaTeX Font Info:    Trying to load font information for OMS+lmsy on input line 
79.
(/home/mallick/.TinyTeX/texmf-dist/tex/latex/lm/omslmsy.fd
File: omslmsy.fd 2009/10/30 v1.6 Font defs for Latin Modern
)
LaTeX Font Info:    Trying to load font information for OMX+lmex on input line 
79.
(/home/mallick/.TinyTeX/texmf-dist/tex/latex/lm/omxlmex.fd
File: omxlmex.fd 2009/10/30 v1.6 Font defs for Latin Modern
)
LaTeX Font Info:    External font `lmex10' loaded for size
(Font)              <14.4> on input line 79.
LaTeX Font Info:    External font `lmex10' loaded for size
(Font)              <10> on input line 79.
LaTeX Font Info:    External font `lmex10' loaded for size
(Font)              <7> on input line 79.
LaTeX Font Info:    Trying to load font information for U+msa on input line 79.

(/home/mallick/.TinyTeX/texmf-dist/tex/latex/amsfonts/umsa.fd
File: umsa.fd 2013/01/14 v3.01 AMS symbols A
) (/home/mallick/.TinyTeX/texmf-dist/tex/latex/microtype/mt-msa.cfg
File: mt-msa.cfg 2006/02/04 v1.1 microtype config. file: AMS symbols (a) (RS)
)
LaTeX Font Info:    Trying to load font information for U+msb on input line 79.

(/home/mallick/.TinyTeX/texmf-dist/tex/latex/amsfonts/umsb.fd
File: umsb.fd 2013/01/14 v3.01 AMS symbols B
) (/home/mallick/.TinyTeX/texmf-dist/tex/latex/microtype/mt-msb.cfg
File: mt-msb.cfg 2005/06/01 v1.0 microtype config. file: AMS symbols (b) (RS)
)
LaTeX Font Info:    External font `lmex10' loaded for size
(Font)              <12> on input line 86.
LaTeX Font Info:    External font `lmex10' loaded for size
(Font)              <8> on input line 86.
LaTeX Font Info:    External font `lmex10' loaded for size
(Font)              <6> on input line 86.
LaTeX Font Info:    Trying to load font information for TS1+lmr on input line 8
6.
(/home/mallick/.TinyTeX/texmf-dist/tex/latex/lm/ts1lmr.fd
File: ts1lmr.fd 2009/10/30 v1.6 Font defs for Latin Modern
)
LaTeX Font Info:    External font `lmex10' loaded for size
(Font)              <5> on input line 86.
[1

{/home/mallick/.TinyTeX/texmf-var/fonts/map/pdftex/updmap/pdftex.map}] [2] [3] 
[4] [5] (./finalTables/homescanSummaryStats.tex) [6] [7]
<../5_figures/bulkDiscountAllProdsScanner.pdf, id=193, 433.62pt x 289.08pt>
File: ../5_figures/bulkDiscountAllProdsScanner.pdf Graphic file (type pdf)
<use ../5_figures/bulkDiscountAllProdsScanner.pdf>
Package pdftex.def Info: ../5_figures/bulkDiscountAllProdsScanner.pdf  used on 
input line 440.
(pdftex.def)             Requested size: 379.41656pt x 252.94437pt.
[8] [9 <../5_figures/bulkDiscountAllProdsScanner.pdf>]
<../5_figures/savingsBehavior.pdf, id=224, 433.62pt x 289.08pt>
File: ../5_figures/savingsBehavior.pdf Graphic file (type pdf)
<use ../5_figures/savingsBehavior.pdf>
Package pdftex.def Info: ../5_figures/savingsBehavior.pdf  used on input line 4
88.
(pdftex.def)             Requested size: 368.57213pt x 245.71474pt.
[10 <../5_figures/savingsBehavior.pdf>] [11] [12]
<../5_figures/unitPriceLaws.pdf, id=267, 433.62pt x 289.08pt>
File: ../5_figures/unitPriceLaws.pdf Graphic file (type pdf)
<use ../5_figures/unitPriceLaws.pdf>
Package pdftex.def Info: ../5_figures/unitPriceLaws.pdf  used on input line 635
.
(pdftex.def)             Requested size: 368.57213pt x 245.71474pt.
[13 <../5_figures/unitPriceLaws.pdf>] (./finalTables/unitPriceLaw.tex) [14] (./
finalTables/unitPriceLawTable.tex
Overfull \hbox (1.10721pt too wide) in paragraph at lines 12--12
[]\T1/lmr/m/n/12 (-20) Massachusetts| 
 []

) [15]
<../5_figures/unitPriceEventStudyColor.pdf, id=303, 433.62pt x 289.08pt>
File: ../5_figures/unitPriceEventStudyColor.pdf Graphic file (type pdf)
<use ../5_figures/unitPriceEventStudyColor.pdf>
Package pdftex.def Info: ../5_figures/unitPriceEventStudyColor.pdf  used on inp
ut line 759.
(pdftex.def)             Requested size: 314.36975pt x 209.57983pt.
[16] (./finalTables/unitPriceLawMovers.tex) [17 <../5_figures/unitPriceEventStu
dyColor.pdf>] [18]
<../5_figures/discountingBehaviorFEZIPColor.pdf, id=341, 433.62pt x 289.08pt>
File: ../5_figures/discountingBehaviorFEZIPColor.pdf Graphic file (type pdf)
<use ../5_figures/discountingBehaviorFEZIPColor.pdf>
Package pdftex.def Info: ../5_figures/discountingBehaviorFEZIPColor.pdf  used o
n input line 872.
(pdftex.def)             Requested size: 234.87912pt x 156.58607pt.
<../5_figures/discountingBehaviorFEColor.pdf, id=342, 433.62pt x 289.08pt>
File: ../5_figures/discountingBehaviorFEColor.pdf Graphic file (type pdf)
<use ../5_figures/discountingBehaviorFEColor.pdf>
Package pdftex.def Info: ../5_figures/discountingBehaviorFEColor.pdf  used on i
nput line 877.
(pdftex.def)             Requested size: 234.87912pt x 156.58607pt.
[19] [20 <../5_figures/discountingBehaviorFEZIPColor.pdf> <../5_figures/discoun
tingBehaviorFEColor.pdf>]
<../5_figures/expendituresByChannelColor.pdf, id=373, 433.62pt x 289.08pt>
File: ../5_figures/expendituresByChannelColor.pdf Graphic file (type pdf)
<use ../5_figures/expendituresByChannelColor.pdf>
Package pdftex.def Info: ../5_figures/expendituresByChannelColor.pdf  used on i
nput line 926.
(pdftex.def)             Requested size: 368.57213pt x 245.71474pt.
(./finalTables/costcoDist.tex) [21 <../5_figures/expendituresByChannelColor.pdf
>] [22]
<../5_figures/eventStudyIncome15Mi.pdf, id=401, 433.62pt x 289.08pt>
File: ../5_figures/eventStudyIncome15Mi.pdf Graphic file (type pdf)
<use ../5_figures/eventStudyIncome15Mi.pdf>
Package pdftex.def Info: ../5_figures/eventStudyIncome15Mi.pdf  used on input l
ine 1006.
(pdftex.def)             Requested size: 325.2142pt x 216.80946pt.
(./finalTables/costcoEntryDD.tex) [23 <../5_figures/eventStudyIncome15Mi.pdf>] 
[24] (./finalTables/costcoEntryDDMargins.tex) [25] [26] (./finalTables/storageC
osts.tex) [27] [28]
<../5_figures/discountingBehaviorChannelNonFoodColor.pdf, id=455, 433.62pt x 28
9.08pt>
File: ../5_figures/discountingBehaviorChannelNonFoodColor.pdf Graphic file (typ
e pdf)
<use ../5_figures/discountingBehaviorChannelNonFoodColor.pdf>
Package pdftex.def Info: ../5_figures/discountingBehaviorChannelNonFoodColor.pd
f  used on input line 1176.
(pdftex.def)             Requested size: 379.41656pt x 252.94437pt.
[29 <../5_figures/discountingBehaviorChannelNonFoodColor.pdf>]
LaTeX Font Info:    Trying to load font information for U+bbm on input line 121
9.
(/home/mallick/.TinyTeX/texmf-dist/tex/latex/bbm-macros/ubbm.fd
File: ubbm.fd 1999/03/15 V 1.2 Font definition for bbm font - TH
) (./finalTables/AppendixDiscountingBehaviorLiquidity.tex) [30] [31] [32]
<../5_figures/tpSizeQuantityDistributionAllProdsColor.pdf, id=496, 433.62pt x 2
89.08pt>
File: ../5_figures/tpSizeQuantityDistributionAllProdsColor.pdf Graphic file (ty
pe pdf)
<use ../5_figures/tpSizeQuantityDistributionAllProdsColor.pdf>
Package pdftex.def Info: ../5_figures/tpSizeQuantityDistributionAllProdsColor.p
df  used on input line 1333.
(pdftex.def)             Requested size: 325.2142pt x 216.80946pt.
[33] [34 <../5_figures/tpSizeQuantityDistributionAllProdsColor.pdf>] (./finalTa
bles/mlogit2016.tex)
<../5_figures/elasticity2016.pdf, id=519, 433.62pt x 289.08pt>
File: ../5_figures/elasticity2016.pdf Graphic file (type pdf)
<use ../5_figures/elasticity2016.pdf>
Package pdftex.def Info: ../5_figures/elasticity2016.pdf  used on input line 14
39.
(pdftex.def)             Requested size: 379.41656pt x 252.94437pt.
[35] [36] [37 <../5_figures/elasticity2016.pdf>] (./finalTables/modelFit.tex) [
38] (./finalTables/counterfactualMNLDays.tex) (./finalTables/unitPriceLawMovers
TP.tex) (./finalTables/counterfactualMNLPrice.tex) [39] [40] [41] [42] [43] [44
] [45] (./finalTables/homeScanClean.tex) [46] (./finalTables/homeScanProductsFi
nal.tex
Overfull \hbox (4.27533pt too wide) in paragraph at lines 4--32
 [][] 
 []

) [47]
<../5_figures/couponBulkSavingsColor.pdf, id=661, 433.62pt x 289.08pt>
File: ../5_figures/couponBulkSavingsColor.pdf Graphic file (type pdf)
<use ../5_figures/couponBulkSavingsColor.pdf>
Package pdftex.def Info: ../5_figures/couponBulkSavingsColor.pdf  used on input
 line 1911.
(pdftex.def)             Requested size: 379.41656pt x 252.94437pt.
<../5_figures/savingsBehaviorModulesColor.pdf, id=665, 433.62pt x 289.08pt>
File: ../5_figures/savingsBehaviorModulesColor.pdf Graphic file (type pdf)
<use ../5_figures/savingsBehaviorModulesColor.pdf>
Package pdftex.def Info: ../5_figures/savingsBehaviorModulesColor.pdf  used on 
input line 1933.
(pdftex.def)             Requested size: 325.2142pt x 216.80946pt.
[48] [49 <../5_figures/couponBulkSavingsColor.pdf> <../5_figures/savingsBehavio
rModulesColor.pdf>] (./finalTables/lowestPrice.tex) [50] (./finalTables/lowestP
riceRegFin.tex) [51] (./finalTables/unitPriceLawChannel.tex) (./finalTables/uni
tPriceLawChain.tex) [52] [53]
<../5_figures/annualPurchasesTP.pdf, id=733, 433.62pt x 289.08pt>
File: ../5_figures/annualPurchasesTP.pdf Graphic file (type pdf)
<use ../5_figures/annualPurchasesTP.pdf>
Package pdftex.def Info: ../5_figures/annualPurchasesTP.pdf  used on input line
 2085.
(pdftex.def)             Requested size: 379.41656pt x 252.94437pt.
[54 <../5_figures/annualPurchasesTP.pdf>] (./finalTables/AppendixDiscountingBeh
aviorFood.tex) (./finalTables/AppendixDiscountingBehaviorNonFood.tex) (./finalT
ables/AppendixDiscountingBehaviorFEAll.tex) (./finalTables/AppendixDiscountingB
ehaviorMods.tex

LaTeX Warning: Float too large for page by 4.51137pt on input line 64.

) (./finalTables/appendixDiscountingBehaviorChannelNonFood.tex

LaTeX Warning: Float too large for page by 4.72908pt on input line 118.

) (./finalTables/summaryStatsUnitLaws.tex) (./finalTables/summaryStatsUnitLawsM
overs.tex
Overfull \hbox (39.36781pt too wide) in paragraph at lines 4--21
 [][] 
 []

) (./finalTables/appendixCostcoEntryDifferentRadii.tex)
Package atveryend Info: Empty hook `BeforeClearDocument' on input line 2135.
[55] [56] [57] [58] [59] [60] [61] [62]
Package atveryend Info: Empty hook `AfterLastShipout' on input line 2135.
(./BulkBuyingInequality.aux)
Package atveryend Info: Executing hook `AtVeryEndDocument' on input line 2135.
Package atveryend Info: Executing hook `AtEndAfterFileList' on input line 2135.

Package rerunfilecheck Info: File `BulkBuyingInequality.out' has not changed.
(rerunfilecheck)             Checksum: C31553B66B9929C7E2D1A4029AF8A32A;5186.
 )
(\end occurred inside a group at level 1)

### semi simple group (level 1) entered at line 68 (\begingroup)
### bottom level 
Here is how much of TeX's memory you used:
 14742 strings out of 482913
 226387 string characters out of 5959135
 650337 words of memory out of 5000000
 29215 multiletter control sequences out of 15000+600000
 616993 words of font info for 192 fonts, out of 8000000 for 9000
 14 hyphenation exceptions out of 8191
 41i,11n,42p,1368b,1490s stack positions out of 5000i,500n,10000p,200000b,80000s
{/home/mallick/.TinyTeX/texmf-dist/fonts/enc/dvips/lm/lm-mathit
.enc}{/home/mallick/.TinyTeX/texmf-dist/fonts/enc/dvips/lm/lm-mathsy.enc} </hom
e/mallick/.TinyTeX/texmf-var/fonts/pk/ljfour/public/bbm/bbm12.600pk>{/home/mall
ick/.TinyTeX/texmf-dist/fonts/enc/dvips/lm/lm-rm.enc}{/home/mallick/.TinyTeX/te
xmf-dist/fonts/enc/dvips/lm/lm-ec.enc}{/home/mallick/.TinyTeX/texmf-dist/fonts/
enc/dvips/lm/lm-mathex.enc}{/home/mallick/.TinyTeX/texmf-dist/fonts/enc/dvips/l
m/lm-ts1.enc}</home/mallick/.TinyTeX/texmf-dist/fonts/type1/public/lm/lmbx10.pf
b></home/mallick/.TinyTeX/texmf-dist/fonts/type1/public/lm/lmbx12.pfb></home/ma
llick/.TinyTeX/texmf-dist/fonts/type1/public/lm/lmex10.pfb></home/mallick/.Tiny
TeX/texmf-dist/fonts/type1/public/lm/lmmi10.pfb></home/mallick/.TinyTeX/texmf-d
ist/fonts/type1/public/lm/lmmi12.pfb></home/mallick/.TinyTeX/texmf-dist/fonts/t
ype1/public/lm/lmmi6.pfb></home/mallick/.TinyTeX/texmf-dist/fonts/type1/public/
lm/lmmi7.pfb></home/mallick/.TinyTeX/texmf-dist/fonts/type1/public/lm/lmmi8.pfb
></home/mallick/.TinyTeX/texmf-dist/fonts/type1/public/lm/lmr10.pfb></home/mall
ick/.TinyTeX/texmf-dist/fonts/type1/public/lm/lmr12.pfb></home/mallick/.TinyTeX
/texmf-dist/fonts/type1/public/lm/lmr17.pfb></home/mallick/.TinyTeX/texmf-dist/
fonts/type1/public/lm/lmr7.pfb></home/mallick/.TinyTeX/texmf-dist/fonts/type1/p
ublic/lm/lmr8.pfb></home/mallick/.TinyTeX/texmf-dist/fonts/type1/public/lm/lmri
10.pfb></home/mallick/.TinyTeX/texmf-dist/fonts/type1/public/lm/lmri12.pfb></ho
me/mallick/.TinyTeX/texmf-dist/fonts/type1/public/lm/lmsy10.pfb></home/mallick/
.TinyTeX/texmf-dist/fonts/type1/public/lm/lmsy6.pfb></home/mallick/.TinyTeX/tex
mf-dist/fonts/type1/public/lm/lmsy8.pfb>
Output written on BulkBuyingInequality.pdf (62 pages, 628605 bytes).
PDF statistics:
 914 PDF objects out of 1000 (max. 8388607)
 766 compressed objects within 8 object streams
 219 named destinations out of 1000 (max. 500000)
 18759 words of extra memory for PDF output out of 20736 (max. 10000000)

